Vivado Simulator v2023.1
Copyright 1986-2022 Xilinx, Inc. All Rights Reserved.
Copyright 2022-2023 Advanced Micro Devices, Inc. All Rights Reserved.
Running: C:/Xilinx/Vivado/2023.1/bin/unwrapped/win64.o/xelab.exe --incr --debug typical --relax --mt 2 -L xil_defaultlib -L secureip --snapshot SineWaveGen_tb_behav xil_defaultlib.SineWaveGen_tb -log elaborate.log 
Using 2 slave threads.
Starting static elaboration
Completed static elaboration
Starting simulation data flow analysis
Completed simulation data flow analysis
Time Resolution for simulation is 1ps
Compiling package std.standard
Compiling package std.textio
Compiling package ieee.std_logic_1164
Compiling package ieee.numeric_std
Compiling package ieee.math_real
Compiling architecture bram_sp_rtl of entity xil_defaultlib.bram_sp [\bram_sp(data_width=16,addr_widt...]
Compiling architecture addrgen_rtl of entity xil_defaultlib.addrGen [\addrGen(addr_width=9,num_addr=3...]
Compiling architecture rtl of entity xil_defaultlib.SineWaveGen [sinewavegen_default]
Compiling architecture behavioral of entity xil_defaultlib.sinewavegen_tb
Built simulation snapshot SineWaveGen_tb_behav
